
╔════════════════════════════════════════════════════════════╗
║ 🚀 n8n EKS Deployment (Enhanced)                         ║
╚════════════════════════════════════════════════════════════╝

[0;34mℹ[0m Configuration:
   Cluster: n8n-cluster
   Region: ap-southeast-2
   VPC: vpc-0c6bc5a1488b5cfb0
   LB Scheme: internal
   Secrets Manager: true

[0;34mℹ[0m Checking prerequisites...
[0;32m✅[0m All required commands are available
[0;34mℹ[0m Validating AWS credentials...
[0;32m✅[0m AWS validated
[0;34mℹ[0m Configuring VPC...
[0;34mℹ[0m Using existing VPC: vpc-0c6bc5a1488b5cfb0
[0;34mℹ[0m Creating EKS cluster...
2026-03-25 10:53:58 [ℹ]  eksctl version 0.224.0
2026-03-25 10:53:58 [ℹ]  using region ap-southeast-2
2026-03-25 10:53:58 [ℹ]  setting availability zones to [ap-southeast-2b ap-southeast-2c ap-southeast-2a]
2026-03-25 10:53:58 [ℹ]  subnets for ap-southeast-2b - public:192.168.0.0/19 private:192.168.96.0/19
2026-03-25 10:53:58 [ℹ]  subnets for ap-southeast-2c - public:192.168.32.0/19 private:192.168.128.0/19
2026-03-25 10:53:58 [ℹ]  subnets for ap-southeast-2a - public:192.168.64.0/19 private:192.168.160.0/19
2026-03-25 10:53:59 [ℹ]  nodegroup "n8n-workers" will use "ami-05e9bb5bcaac7560a" [AmazonLinux2023/1.34]
2026-03-25 10:53:59 [!]  Auto Mode will be enabled by default in an upcoming release of eksctl. This means managed node groups and managed networking add-ons will no longer be created by default. To maintain current behavior, explicitly set 'autoModeConfig.enabled: false' in your cluster configuration. Learn more: https://eksctl.io/usage/auto-mode/
2026-03-25 10:53:59 [ℹ]  using Kubernetes version 1.34
2026-03-25 10:53:59 [ℹ]  creating EKS cluster "n8n-cluster" in "ap-southeast-2" region with un-managed nodes
2026-03-25 10:53:59 [ℹ]  1 nodegroup (n8n-workers) was included (based on the include/exclude rules)
2026-03-25 10:53:59 [ℹ]  will create a CloudFormation stack for cluster itself and 1 nodegroup stack(s)
2026-03-25 10:53:59 [ℹ]  if you encounter any issues, check CloudFormation console or try 'eksctl utils describe-stacks --region=ap-southeast-2 --cluster=n8n-cluster'
2026-03-25 10:53:59 [ℹ]  Kubernetes API endpoint access will use provided values {publicAccess=true, privateAccess=true} for cluster "n8n-cluster" in "ap-southeast-2"
2026-03-25 10:53:59 [ℹ]  CloudWatch logging will not be enabled for cluster "n8n-cluster" in "ap-southeast-2"
2026-03-25 10:53:59 [ℹ]  you can enable it with 'eksctl utils update-cluster-logging --enable-types={SPECIFY-YOUR-LOG-TYPES-HERE (e.g. all)} --region=ap-southeast-2 --cluster=n8n-cluster'
2026-03-25 10:53:59 [ℹ]  default addons kube-proxy, coredns, metrics-server, vpc-cni were not specified, will install them as EKS addons
2026-03-25 10:53:59 [ℹ]  
2 sequential tasks: { create cluster control plane "n8n-cluster", 
    2 sequential sub-tasks: { 
        2 sequential sub-tasks: { 
            1 task: { create addons },
            wait for control plane to become ready,
        },
        create nodegroup "n8n-workers",
    } 
}
2026-03-25 10:53:59 [ℹ]  building cluster stack "eksctl-n8n-cluster-cluster"
2026-03-25 10:53:59 [ℹ]  deploying stack "eksctl-n8n-cluster-cluster"
2026-03-25 10:54:29 [ℹ]  waiting for CloudFormation stack "eksctl-n8n-cluster-cluster"
2026-03-25 10:54:29 [✖]  unexpected status "ROLLBACK_IN_PROGRESS" while waiting for CloudFormation stack "eksctl-n8n-cluster-cluster"
2026-03-25 10:54:29 [✖]  unexpected status "ROLLBACK_IN_PROGRESS" while waiting for CloudFormation stack "eksctl-n8n-cluster-cluster"
2026-03-25 10:54:29 [ℹ]  fetching stack events in attempt to troubleshoot the root cause of the failure
2026-03-25 10:54:29 [!]  AWS::EC2::SecurityGroup/ClusterSharedNodeSecurityGroup: DELETE_IN_PROGRESS
2026-03-25 10:54:29 [!]  AWS::IAM::Role/ServiceRole: DELETE_IN_PROGRESS
2026-03-25 10:54:29 [!]  AWS::EC2::SecurityGroup/ControlPlaneSecurityGroup: DELETE_IN_PROGRESS
2026-03-25 10:54:29 [!]  AWS::EC2::SecurityGroupIngress/IngressInterNodeGroupSG: DELETE_IN_PROGRESS
2026-03-25 10:54:29 [✖]  AWS::EKS::Cluster/ControlPlane: CREATE_FAILED – "Resource handler returned message: \"Subnet Id is required (Service: Eks, Status Code: 400, Request ID: 2a9372cd-cf1f-40d9-92ad-65ed018a2377) (SDK Attempt Count: 1)\" (RequestToken: 6feebd49-4b9a-1c52-6191-12e4e27e8bbf, HandlerErrorCode: InvalidRequest)"
2026-03-25 10:54:29 [!]  1 error(s) occurred and cluster hasn't been created properly, you may wish to check CloudFormation console
2026-03-25 10:54:29 [ℹ]  to cleanup resources, run 'eksctl delete cluster --region=ap-southeast-2 --name=n8n-cluster'
2026-03-25 10:54:29 [✖]  ResourceNotReady: failed waiting for successful resource state
Error: failed to create cluster "n8n-cluster"
[0;31m❌[0m Cluster creation failed
